[debug] [2021-02-11T11:23:39.486Z] ----------------------------------------------------------------------
[debug] [2021-02-11T11:23:39.488Z] Command:       D:\Nodejs\node.exe C:\Users\User\AppData\Roaming\npm\node_modules\firebase-tools\lib\bin\firebase.js emulators:start --import ./database-Demo
[debug] [2021-02-11T11:23:39.488Z] CLI Version:   9.3.0
[debug] [2021-02-11T11:23:39.488Z] Platform:      win32
[debug] [2021-02-11T11:23:39.488Z] Node Version:  v14.15.1
[debug] [2021-02-11T11:23:39.490Z] Time:          Thu Feb 11 2021 18:23:39 GMT+0700 (เวลาอินโดจีน)
[debug] [2021-02-11T11:23:39.490Z] ----------------------------------------------------------------------
[debug] [2021-02-11T11:23:39.490Z] 
[debug] [2021-02-11T11:23:39.497Z] > command requires scopes: ["email","openid","https://www.googleapis.com/auth/cloudplatformprojects.readonly","https://www.googleapis.com/auth/firebase","https://www.googleapis.com/auth/cloud-platform"]
[debug] [2021-02-11T11:23:39.498Z] > authorizing via signed-in user
[info] i  emulators: Starting emulators: functions, firestore {"metadata":{"emulator":{"name":"hub"},"message":"Starting emulators: functions, firestore"}}
[debug] [2021-02-11T11:23:39.522Z] [hub] writing locator at C:\Users\User\AppData\Local\Temp\hub-sld-etax.json
[info] i  firestore: Detected non-emulator Firestore export at C:\Users\User\OneDrive\เดสก์ท็อป\etax\Demo-Form\functions\database-Demo {"metadata":{"emulator":{"name":"firestore"},"message":"Detected non-emulator Firestore export at C:\\Users\\User\\OneDrive\\เดสก์ท็อป\\etax\\Demo-Form\\functions\\database-Demo"}}
[warn] !  functions: The following emulators are not running, calls to these services from the Functions emulator will affect production: auth, database, hosting, pubsub {"metadata":{"emulator":{"name":"functions"},"message":"The following emulators are not running, calls to these services from the Functions emulator will affect production: \u001b[1mauth, database, hosting, pubsub\u001b[22m"}}
[warn] !  Your requested "node" version "10" doesn't match your global version "14" {"metadata":{"emulator":{"name":"functions"},"message":"Your requested \"node\" version \"10\" doesn't match your global version \"14\""}}
[debug] [2021-02-11T11:23:39.559Z] defaultcredentials: writing to file C:\Users\User\AppData\Roaming\firebase\chaiya_sala-daeng_com_application_default_credentials.json
[debug] [2021-02-11T11:23:39.562Z] Setting GAC to C:\Users\User\AppData\Roaming\firebase\chaiya_sala-daeng_com_application_default_credentials.json {"metadata":{"emulator":{"name":"functions"},"message":"Setting GAC to C:\\Users\\User\\AppData\\Roaming\\firebase\\chaiya_sala-daeng_com_application_default_credentials.json"}}
[debug] [2021-02-11T11:23:39.565Z] >>> [apiv2][query] GET https://firebase.googleapis.com/v1beta1/projects/sld-etax/adminSdkConfig [none]
[debug] [2021-02-11T11:23:40.215Z] <<< [apiv2][status] GET https://firebase.googleapis.com/v1beta1/projects/sld-etax/adminSdkConfig 200
[debug] [2021-02-11T11:23:40.215Z] <<< [apiv2][body] GET https://firebase.googleapis.com/v1beta1/projects/sld-etax/adminSdkConfig {"projectId":"sld-etax","databaseURL":"https://sld-etax.firebaseio.com","storageBucket":"sld-etax.appspot.com","locationId":"us-central"}
[info] i  firestore: Importing data from C:\Users\User\OneDrive\เดสก์ท็อป\etax\Demo-Form\functions\database-Demo\database-Demo.overall_export_metadata {"metadata":{"emulator":{"name":"firestore"},"message":"Importing data from C:\\Users\\User\\OneDrive\\เดสก์ท็อป\\etax\\Demo-Form\\functions\\database-Demo\\database-Demo.overall_export_metadata"}}
[debug] [2021-02-11T11:23:40.780Z] Ignoring unsupported arg: projectId {"metadata":{"emulator":{"name":"firestore"},"message":"Ignoring unsupported arg: projectId"}}
[debug] [2021-02-11T11:23:40.781Z] Ignoring unsupported arg: auto_download {"metadata":{"emulator":{"name":"firestore"},"message":"Ignoring unsupported arg: auto_download"}}
[debug] [2021-02-11T11:23:40.781Z] Starting Firestore Emulator with command {"binary":"java","args":["-Dgoogle.cloud_firestore.debug_log_level=FINE","-Duser.language=en","-jar","C:\\Users\\User\\.cache\\firebase\\emulators\\cloud-firestore-emulator-v1.11.12.jar","--host","localhost","--port",8080,"--seed_from_export","C:\\Users\\User\\OneDrive\\เดสก์ท็อป\\etax\\Demo-Form\\functions\\database-Demo\\database-Demo.overall_export_metadata","--rules","C:\\Users\\User\\OneDrive\\เดสก์ท็อป\\etax\\Demo-Form\\firestore.rules","--functions_emulator","localhost:5001"],"optionalArgs":["port","webchannel_port","host","rules","functions_emulator","seed_from_export"],"joinArgs":false} {"metadata":{"emulator":{"name":"firestore"},"message":"Starting Firestore Emulator with command {\"binary\":\"java\",\"args\":[\"-Dgoogle.cloud_firestore.debug_log_level=FINE\",\"-Duser.language=en\",\"-jar\",\"C:\\\\Users\\\\User\\\\.cache\\\\firebase\\\\emulators\\\\cloud-firestore-emulator-v1.11.12.jar\",\"--host\",\"localhost\",\"--port\",8080,\"--seed_from_export\",\"C:\\\\Users\\\\User\\\\OneDrive\\\\เดสก์ท็อป\\\\etax\\\\Demo-Form\\\\functions\\\\database-Demo\\\\database-Demo.overall_export_metadata\",\"--rules\",\"C:\\\\Users\\\\User\\\\OneDrive\\\\เดสก์ท็อป\\\\etax\\\\Demo-Form\\\\firestore.rules\",\"--functions_emulator\",\"localhost:5001\"],\"optionalArgs\":[\"port\",\"webchannel_port\",\"host\",\"rules\",\"functions_emulator\",\"seed_from_export\"],\"joinArgs\":false}"}}
[info] i  firestore: Firestore Emulator logging to firestore-debug.log {"metadata":{"emulator":{"name":"firestore"},"message":"Firestore Emulator logging to \u001b[1mfirestore-debug.log\u001b[22m"}}
[debug] [2021-02-11T11:23:47.070Z] API endpoint: http://localhost {"metadata":{"emulator":{"name":"firestore"},"message":"API endpoint: http://localhost"}}
[debug] [2021-02-11T11:23:47.070Z] :8080
If you are using a library that supports the FIRESTORE_EMULATOR_HOST environment variable, run:

   export FIRESTORE_EMULATOR_HOST=localhost:8080

Dev App Server is now running.
 {"metadata":{"emulator":{"name":"firestore"},"message":":8080\nIf you are using a library that supports the FIRESTORE_EMULATOR_HOST environment variable, run:\r\n\n   export FIRESTORE_EMULATOR_HOST=localhost:8080\n\nDev App Server is now running.\n"}}
[debug] [2021-02-11T11:23:47.070Z] 
 {"metadata":{"emulator":{"name":"firestore"},"message":"\r\n"}}
[debug] [2021-02-11T11:23:47.261Z] Ignoring unsupported arg: auto_download {"metadata":{"emulator":{"name":"ui"},"message":"Ignoring unsupported arg: auto_download"}}
[debug] [2021-02-11T11:23:47.262Z] Ignoring unsupported arg: port {"metadata":{"emulator":{"name":"ui"},"message":"Ignoring unsupported arg: port"}}
[debug] [2021-02-11T11:23:47.262Z] Starting Emulator UI with command {"binary":"node","args":["C:\\Users\\User\\.cache\\firebase\\emulators\\ui-v1.4.1\\server.bundle.js"],"optionalArgs":[],"joinArgs":false} {"metadata":{"emulator":{"name":"ui"},"message":"Starting Emulator UI with command {\"binary\":\"node\",\"args\":[\"C:\\\\Users\\\\User\\\\.cache\\\\firebase\\\\emulators\\\\ui-v1.4.1\\\\server.bundle.js\"],\"optionalArgs\":[],\"joinArgs\":false}"}}
[info] i  ui: Emulator UI logging to ui-debug.log {"metadata":{"emulator":{"name":"ui"},"message":"Emulator UI logging to \u001b[1mui-debug.log\u001b[22m"}}
[debug] [2021-02-11T11:23:47.637Z] Web / API server started at http://localhost:4000
 {"metadata":{"emulator":{"name":"ui"},"message":"Web / API server started at http://localhost:4000\n"}}
[info] i  functions: Watching "C:\Users\User\OneDrive\เดสก์ท็อป\etax\Demo-Form\functions" for Cloud Functions... {"metadata":{"emulator":{"name":"functions"},"message":"Watching \"C:\\Users\\User\\OneDrive\\เดสก์ท็อป\\etax\\Demo-Form\\functions\" for Cloud Functions..."}}
[debug] [2021-02-11T11:23:47.773Z] [worker-pool] addWorker(~diagnostic~) {"metadata":{"emulator":{"name":"functions"},"message":"[worker-pool] addWorker(~diagnostic~)"}}
[debug] [2021-02-11T11:23:47.773Z] [worker-pool] Adding worker with key ~diagnostic~, total=1 {"metadata":{"emulator":{"name":"functions"},"message":"[worker-pool] Adding worker with key ~diagnostic~, total=1"}}
[debug] [2021-02-11T11:23:47.773Z] [worker-pool] submitWork(triggerId=) {"metadata":{"emulator":{"name":"functions"},"message":"[worker-pool] submitWork(triggerId=)"}}
[debug] [2021-02-11T11:23:47.773Z] [worker-~diagnostic~-1ccb1313-4805-4fd5-bb39-46613b9e5a0b]: Assigning socketPath: \\?\pipe\C:\Users\User\OneDrive\เดสก์ท็อป\etax\Demo-Form\functions\13212 {"metadata":{"emulator":{"name":"functions"},"message":"[worker-~diagnostic~-1ccb1313-4805-4fd5-bb39-46613b9e5a0b]: Assigning socketPath: \\\\?\\pipe\\C:\\Users\\User\\OneDrive\\เดสก์ท็อป\\etax\\Demo-Form\\functions\\13212"}}
[debug] [2021-02-11T11:23:47.774Z] [worker-~diagnostic~-1ccb1313-4805-4fd5-bb39-46613b9e5a0b]: BUSY {"metadata":{"emulator":{"name":"functions"},"message":"[worker-~diagnostic~-1ccb1313-4805-4fd5-bb39-46613b9e5a0b]: BUSY"}}
[debug] [2021-02-11T11:23:48.060Z] [runtime-status] [13212] Functions runtime initialized. {"cwd":"C:\\Users\\User\\OneDrive\\เดสก์ท็อป\\etax\\Demo-Form\\functions","node_version":"14.15.1"} {"metadata":{"emulator":{"name":"functions"},"message":"[runtime-status] [13212] Functions runtime initialized. {\"cwd\":\"C:\\\\Users\\\\User\\\\OneDrive\\\\เดสก์ท็อป\\\\etax\\\\Demo-Form\\\\functions\",\"node_version\":\"14.15.1\"}"}}
[debug] [2021-02-11T11:23:48.060Z] [runtime-status] [13212] Disabled runtime features: undefined {"metadata":{"emulator":{"name":"functions"},"message":"[runtime-status] [13212] Disabled runtime features: undefined"}}
[debug] [2021-02-11T11:23:48.061Z] [runtime-status] [13212] Resolved module firebase-admin {"declared":true,"installed":true,"version":"8.13.0","resolution":"C:\\Users\\User\\OneDrive\\เดสก์ท็อป\\etax\\Demo-Form\\functions\\node_modules\\firebase-admin\\lib\\index.js"} {"metadata":{"emulator":{"name":"functions"},"message":"[runtime-status] [13212] Resolved module firebase-admin {\"declared\":true,\"installed\":true,\"version\":\"8.13.0\",\"resolution\":\"C:\\\\Users\\\\User\\\\OneDrive\\\\เดสก์ท็อป\\\\etax\\\\Demo-Form\\\\functions\\\\node_modules\\\\firebase-admin\\\\lib\\\\index.js\"}"}}
[debug] [2021-02-11T11:23:48.061Z] [runtime-status] [13212] Resolved module firebase-functions {"declared":true,"installed":true,"version":"3.13.0","resolution":"C:\\Users\\User\\OneDrive\\เดสก์ท็อป\\etax\\Demo-Form\\functions\\node_modules\\firebase-functions\\lib\\index.js"} {"metadata":{"emulator":{"name":"functions"},"message":"[runtime-status] [13212] Resolved module firebase-functions {\"declared\":true,\"installed\":true,\"version\":\"3.13.0\",\"resolution\":\"C:\\\\Users\\\\User\\\\OneDrive\\\\เดสก์ท็อป\\\\etax\\\\Demo-Form\\\\functions\\\\node_modules\\\\firebase-functions\\\\lib\\\\index.js\"}"}}
[debug] [2021-02-11T11:23:48.061Z] [runtime-status] [13212] Resolved module firebase-functions {"declared":true,"installed":true,"version":"3.13.0","resolution":"C:\\Users\\User\\OneDrive\\เดสก์ท็อป\\etax\\Demo-Form\\functions\\node_modules\\firebase-functions\\lib\\index.js"} {"metadata":{"emulator":{"name":"functions"},"message":"[runtime-status] [13212] Resolved module firebase-functions {\"declared\":true,\"installed\":true,\"version\":\"3.13.0\",\"resolution\":\"C:\\\\Users\\\\User\\\\OneDrive\\\\เดสก์ท็อป\\\\etax\\\\Demo-Form\\\\functions\\\\node_modules\\\\firebase-functions\\\\lib\\\\index.js\"}"}}
[debug] [2021-02-11T11:23:48.061Z] [runtime-status] [13212] Outgoing network have been stubbed. [{"name":"http","status":"mocked"},{"name":"http","status":"mocked"},{"name":"https","status":"mocked"},{"name":"https","status":"mocked"},{"name":"net","status":"mocked"}] {"metadata":{"emulator":{"name":"functions"},"message":"[runtime-status] [13212] Outgoing network have been stubbed. [{\"name\":\"http\",\"status\":\"mocked\"},{\"name\":\"http\",\"status\":\"mocked\"},{\"name\":\"https\",\"status\":\"mocked\"},{\"name\":\"https\",\"status\":\"mocked\"},{\"name\":\"net\",\"status\":\"mocked\"}]"}}
[debug] [2021-02-11T11:23:48.061Z] [runtime-status] [13212] Resolved module firebase-functions {"declared":true,"installed":true,"version":"3.13.0","resolution":"C:\\Users\\User\\OneDrive\\เดสก์ท็อป\\etax\\Demo-Form\\functions\\node_modules\\firebase-functions\\lib\\index.js"} {"metadata":{"emulator":{"name":"functions"},"message":"[runtime-status] [13212] Resolved module firebase-functions {\"declared\":true,\"installed\":true,\"version\":\"3.13.0\",\"resolution\":\"C:\\\\Users\\\\User\\\\OneDrive\\\\เดสก์ท็อป\\\\etax\\\\Demo-Form\\\\functions\\\\node_modules\\\\firebase-functions\\\\lib\\\\index.js\"}"}}
[debug] [2021-02-11T11:23:48.278Z] [runtime-status] [13212] Checked functions.config() {"config":{}} {"metadata":{"emulator":{"name":"functions"},"message":"[runtime-status] [13212] Checked functions.config() {\"config\":{}}"}}
[debug] [2021-02-11T11:23:48.278Z] [runtime-status] [13212] firebase-functions has been stubbed. {"functionsResolution":{"declared":true,"installed":true,"version":"3.13.0","resolution":"C:\\Users\\User\\OneDrive\\เดสก์ท็อป\\etax\\Demo-Form\\functions\\node_modules\\firebase-functions\\lib\\index.js"}} {"metadata":{"emulator":{"name":"functions"},"message":"[runtime-status] [13212] firebase-functions has been stubbed. {\"functionsResolution\":{\"declared\":true,\"installed\":true,\"version\":\"3.13.0\",\"resolution\":\"C:\\\\Users\\\\User\\\\OneDrive\\\\เดสก์ท็อป\\\\etax\\\\Demo-Form\\\\functions\\\\node_modules\\\\firebase-functions\\\\lib\\\\index.js\"}}"}}
[debug] [2021-02-11T11:23:48.280Z] [runtime-status] [13212] Resolved module firebase-functions {"declared":true,"installed":true,"version":"3.13.0","resolution":"C:\\Users\\User\\OneDrive\\เดสก์ท็อป\\etax\\Demo-Form\\functions\\node_modules\\firebase-functions\\lib\\index.js"} {"metadata":{"emulator":{"name":"functions"},"message":"[runtime-status] [13212] Resolved module firebase-functions {\"declared\":true,\"installed\":true,\"version\":\"3.13.0\",\"resolution\":\"C:\\\\Users\\\\User\\\\OneDrive\\\\เดสก์ท็อป\\\\etax\\\\Demo-Form\\\\functions\\\\node_modules\\\\firebase-functions\\\\lib\\\\index.js\"}"}}
[debug] [2021-02-11T11:23:48.283Z] [runtime-status] [13212] Resolved module firebase-admin {"declared":true,"installed":true,"version":"8.13.0","resolution":"C:\\Users\\User\\OneDrive\\เดสก์ท็อป\\etax\\Demo-Form\\functions\\node_modules\\firebase-admin\\lib\\index.js"} {"metadata":{"emulator":{"name":"functions"},"message":"[runtime-status] [13212] Resolved module firebase-admin {\"declared\":true,\"installed\":true,\"version\":\"8.13.0\",\"resolution\":\"C:\\\\Users\\\\User\\\\OneDrive\\\\เดสก์ท็อป\\\\etax\\\\Demo-Form\\\\functions\\\\node_modules\\\\firebase-admin\\\\lib\\\\index.js\"}"}}
[debug] [2021-02-11T11:23:48.283Z] [runtime-status] [13212] Resolved module firebase-functions {"declared":true,"installed":true,"version":"3.13.0","resolution":"C:\\Users\\User\\OneDrive\\เดสก์ท็อป\\etax\\Demo-Form\\functions\\node_modules\\firebase-functions\\lib\\index.js"} {"metadata":{"emulator":{"name":"functions"},"message":"[runtime-status] [13212] Resolved module firebase-functions {\"declared\":true,\"installed\":true,\"version\":\"3.13.0\",\"resolution\":\"C:\\\\Users\\\\User\\\\OneDrive\\\\เดสก์ท็อป\\\\etax\\\\Demo-Form\\\\functions\\\\node_modules\\\\firebase-functions\\\\lib\\\\index.js\"}"}}
[debug] [2021-02-11T11:23:48.283Z] [runtime-status] [13212] firebase-admin has been stubbed. {"adminResolution":{"declared":true,"installed":true,"version":"8.13.0","resolution":"C:\\Users\\User\\OneDrive\\เดสก์ท็อป\\etax\\Demo-Form\\functions\\node_modules\\firebase-admin\\lib\\index.js"}} {"metadata":{"emulator":{"name":"functions"},"message":"[runtime-status] [13212] firebase-admin has been stubbed. {\"adminResolution\":{\"declared\":true,\"installed\":true,\"version\":\"8.13.0\",\"resolution\":\"C:\\\\Users\\\\User\\\\OneDrive\\\\เดสก์ท็อป\\\\etax\\\\Demo-Form\\\\functions\\\\node_modules\\\\firebase-admin\\\\lib\\\\index.js\"}}"}}
[debug] [2021-02-11T11:23:49.222Z] [runtime-status] [13212] initializeApp(DEFAULT) {"storageBucket":"sld-etax.appspot.com","databaseURL":"https://sld-etax.firebaseio.com","projectId":"sld-etax"} {"metadata":{"emulator":{"name":"functions"},"message":"[runtime-status] [13212] initializeApp(DEFAULT) {\"storageBucket\":\"sld-etax.appspot.com\",\"databaseURL\":\"https://sld-etax.firebaseio.com\",\"projectId\":\"sld-etax\"}"}}
[info] +  functions[testPdfGenerator]: http function initialized (http://localhost:5001/sld-etax/us-central1/testPdfGenerator). {"metadata":{"emulator":{"name":"functions"},"message":"\u001b[1mhttp\u001b[22m function initialized (http://localhost:5001/sld-etax/us-central1/testPdfGenerator)."}}
[info] 
┌─────────────────────────────────────────────────────────────┐
│ ✔  All emulators ready! It is now safe to connect your app. │
│ i  View Emulator UI at http://localhost:4000                │
└─────────────────────────────────────────────────────────────┘

┌───────────┬────────────────┬─────────────────────────────────┐
│ Emulator  │ Host:Port      │ View in Emulator UI             │
├───────────┼────────────────┼─────────────────────────────────┤
│ Functions │ localhost:5001 │ http://localhost:4000/functions │
├───────────┼────────────────┼─────────────────────────────────┤
│ Firestore │ localhost:8080 │ http://localhost:4000/firestore │
└───────────┴────────────────┴─────────────────────────────────┘
  Emulator Hub running at localhost:4400
  Other reserved ports: 4500

Issues? Report them at https://github.com/firebase/firebase-tools/issues and attach the *-debug.log files.
 
[debug] [2021-02-11T11:23:49.244Z] [worker-~diagnostic~-1ccb1313-4805-4fd5-bb39-46613b9e5a0b]: IDLE {"metadata":{"emulator":{"name":"functions"},"message":"[worker-~diagnostic~-1ccb1313-4805-4fd5-bb39-46613b9e5a0b]: IDLE"}}
[debug] [2021-02-11T11:23:53.125Z] [work-queue] {"queueLength":1,"workRunningCount":0}
[debug] [2021-02-11T11:23:53.125Z] [work-queue] {"queueLength":0,"workRunningCount":1}
[debug] [2021-02-11T11:23:53.125Z] Accepted request GET /sld-etax/us-central1/testPdfGenerator --> testPdfGenerator
[debug] [2021-02-11T11:23:53.136Z] [worker-pool] addWorker(testPdfGenerator) {"metadata":{"emulator":{"name":"functions"},"message":"[worker-pool] addWorker(testPdfGenerator)"}}
[debug] [2021-02-11T11:23:53.137Z] [worker-pool] Adding worker with key testPdfGenerator, total=1 {"metadata":{"emulator":{"name":"functions"},"message":"[worker-pool] Adding worker with key testPdfGenerator, total=1"}}
[debug] [2021-02-11T11:23:53.137Z] [worker-pool] submitWork(triggerId=testPdfGenerator) {"metadata":{"emulator":{"name":"functions"},"message":"[worker-pool] submitWork(triggerId=testPdfGenerator)"}}
[debug] [2021-02-11T11:23:53.137Z] [worker-testPdfGenerator-33c9d547-66b8-43ef-8536-428dedef1cc7]: Assigning socketPath: \\?\pipe\C:\Users\User\OneDrive\เดสก์ท็อป\etax\Demo-Form\functions\25228 {"metadata":{"emulator":{"name":"functions"},"message":"[worker-testPdfGenerator-33c9d547-66b8-43ef-8536-428dedef1cc7]: Assigning socketPath: \\\\?\\pipe\\C:\\Users\\User\\OneDrive\\เดสก์ท็อป\\etax\\Demo-Form\\functions\\25228"}}
[debug] [2021-02-11T11:23:53.137Z] [worker-testPdfGenerator-33c9d547-66b8-43ef-8536-428dedef1cc7]: BUSY {"metadata":{"emulator":{"name":"functions"},"message":"[worker-testPdfGenerator-33c9d547-66b8-43ef-8536-428dedef1cc7]: BUSY"}}
[debug] [2021-02-11T11:23:53.340Z] [runtime-status] [25228] Functions runtime initialized. {"cwd":"C:\\Users\\User\\OneDrive\\เดสก์ท็อป\\etax\\Demo-Form\\functions","node_version":"14.15.1"} {"metadata":{"emulator":{"name":"functions"},"function":{"name":"testPdfGenerator"},"message":"[runtime-status] [25228] Functions runtime initialized. {\"cwd\":\"C:\\\\Users\\\\User\\\\OneDrive\\\\เดสก์ท็อป\\\\etax\\\\Demo-Form\\\\functions\",\"node_version\":\"14.15.1\"}"}}
[debug] [2021-02-11T11:23:53.341Z] [runtime-status] [25228] Disabled runtime features: undefined {"metadata":{"emulator":{"name":"functions"},"function":{"name":"testPdfGenerator"},"message":"[runtime-status] [25228] Disabled runtime features: undefined"}}
[debug] [2021-02-11T11:23:53.344Z] [runtime-status] [25228] Resolved module firebase-admin {"declared":true,"installed":true,"version":"8.13.0","resolution":"C:\\Users\\User\\OneDrive\\เดสก์ท็อป\\etax\\Demo-Form\\functions\\node_modules\\firebase-admin\\lib\\index.js"} {"metadata":{"emulator":{"name":"functions"},"function":{"name":"testPdfGenerator"},"message":"[runtime-status] [25228] Resolved module firebase-admin {\"declared\":true,\"installed\":true,\"version\":\"8.13.0\",\"resolution\":\"C:\\\\Users\\\\User\\\\OneDrive\\\\เดสก์ท็อป\\\\etax\\\\Demo-Form\\\\functions\\\\node_modules\\\\firebase-admin\\\\lib\\\\index.js\"}"}}
[debug] [2021-02-11T11:23:53.346Z] [runtime-status] [25228] Resolved module firebase-functions {"declared":true,"installed":true,"version":"3.13.0","resolution":"C:\\Users\\User\\OneDrive\\เดสก์ท็อป\\etax\\Demo-Form\\functions\\node_modules\\firebase-functions\\lib\\index.js"} {"metadata":{"emulator":{"name":"functions"},"function":{"name":"testPdfGenerator"},"message":"[runtime-status] [25228] Resolved module firebase-functions {\"declared\":true,\"installed\":true,\"version\":\"3.13.0\",\"resolution\":\"C:\\\\Users\\\\User\\\\OneDrive\\\\เดสก์ท็อป\\\\etax\\\\Demo-Form\\\\functions\\\\node_modules\\\\firebase-functions\\\\lib\\\\index.js\"}"}}
[debug] [2021-02-11T11:23:53.348Z] [runtime-status] [25228] Resolved module firebase-functions {"declared":true,"installed":true,"version":"3.13.0","resolution":"C:\\Users\\User\\OneDrive\\เดสก์ท็อป\\etax\\Demo-Form\\functions\\node_modules\\firebase-functions\\lib\\index.js"} {"metadata":{"emulator":{"name":"functions"},"function":{"name":"testPdfGenerator"},"message":"[runtime-status] [25228] Resolved module firebase-functions {\"declared\":true,\"installed\":true,\"version\":\"3.13.0\",\"resolution\":\"C:\\\\Users\\\\User\\\\OneDrive\\\\เดสก์ท็อป\\\\etax\\\\Demo-Form\\\\functions\\\\node_modules\\\\firebase-functions\\\\lib\\\\index.js\"}"}}
[debug] [2021-02-11T11:23:53.349Z] [runtime-status] [25228] Outgoing network have been stubbed. [{"name":"http","status":"mocked"},{"name":"http","status":"mocked"},{"name":"https","status":"mocked"},{"name":"https","status":"mocked"},{"name":"net","status":"mocked"}] {"metadata":{"emulator":{"name":"functions"},"function":{"name":"testPdfGenerator"},"message":"[runtime-status] [25228] Outgoing network have been stubbed. [{\"name\":\"http\",\"status\":\"mocked\"},{\"name\":\"http\",\"status\":\"mocked\"},{\"name\":\"https\",\"status\":\"mocked\"},{\"name\":\"https\",\"status\":\"mocked\"},{\"name\":\"net\",\"status\":\"mocked\"}]"}}
[debug] [2021-02-11T11:23:53.350Z] [runtime-status] [25228] Resolved module firebase-functions {"declared":true,"installed":true,"version":"3.13.0","resolution":"C:\\Users\\User\\OneDrive\\เดสก์ท็อป\\etax\\Demo-Form\\functions\\node_modules\\firebase-functions\\lib\\index.js"} {"metadata":{"emulator":{"name":"functions"},"function":{"name":"testPdfGenerator"},"message":"[runtime-status] [25228] Resolved module firebase-functions {\"declared\":true,\"installed\":true,\"version\":\"3.13.0\",\"resolution\":\"C:\\\\Users\\\\User\\\\OneDrive\\\\เดสก์ท็อป\\\\etax\\\\Demo-Form\\\\functions\\\\node_modules\\\\firebase-functions\\\\lib\\\\index.js\"}"}}
[debug] [2021-02-11T11:23:53.400Z] [runtime-status] [25228] Checked functions.config() {"config":{}} {"metadata":{"emulator":{"name":"functions"},"function":{"name":"testPdfGenerator"},"message":"[runtime-status] [25228] Checked functions.config() {\"config\":{}}"}}
[debug] [2021-02-11T11:23:53.400Z] [runtime-status] [25228] firebase-functions has been stubbed. {"functionsResolution":{"declared":true,"installed":true,"version":"3.13.0","resolution":"C:\\Users\\User\\OneDrive\\เดสก์ท็อป\\etax\\Demo-Form\\functions\\node_modules\\firebase-functions\\lib\\index.js"}} {"metadata":{"emulator":{"name":"functions"},"function":{"name":"testPdfGenerator"},"message":"[runtime-status] [25228] firebase-functions has been stubbed. {\"functionsResolution\":{\"declared\":true,\"installed\":true,\"version\":\"3.13.0\",\"resolution\":\"C:\\\\Users\\\\User\\\\OneDrive\\\\เดสก์ท็อป\\\\etax\\\\Demo-Form\\\\functions\\\\node_modules\\\\firebase-functions\\\\lib\\\\index.js\"}}"}}
[debug] [2021-02-11T11:23:53.401Z] [runtime-status] [25228] Resolved module firebase-functions {"declared":true,"installed":true,"version":"3.13.0","resolution":"C:\\Users\\User\\OneDrive\\เดสก์ท็อป\\etax\\Demo-Form\\functions\\node_modules\\firebase-functions\\lib\\index.js"} {"metadata":{"emulator":{"name":"functions"},"function":{"name":"testPdfGenerator"},"message":"[runtime-status] [25228] Resolved module firebase-functions {\"declared\":true,\"installed\":true,\"version\":\"3.13.0\",\"resolution\":\"C:\\\\Users\\\\User\\\\OneDrive\\\\เดสก์ท็อป\\\\etax\\\\Demo-Form\\\\functions\\\\node_modules\\\\firebase-functions\\\\lib\\\\index.js\"}"}}
[debug] [2021-02-11T11:23:53.403Z] [runtime-status] [25228] Resolved module firebase-admin {"declared":true,"installed":true,"version":"8.13.0","resolution":"C:\\Users\\User\\OneDrive\\เดสก์ท็อป\\etax\\Demo-Form\\functions\\node_modules\\firebase-admin\\lib\\index.js"} {"metadata":{"emulator":{"name":"functions"},"function":{"name":"testPdfGenerator"},"message":"[runtime-status] [25228] Resolved module firebase-admin {\"declared\":true,\"installed\":true,\"version\":\"8.13.0\",\"resolution\":\"C:\\\\Users\\\\User\\\\OneDrive\\\\เดสก์ท็อป\\\\etax\\\\Demo-Form\\\\functions\\\\node_modules\\\\firebase-admin\\\\lib\\\\index.js\"}"}}
[debug] [2021-02-11T11:23:53.404Z] [runtime-status] [25228] Resolved module firebase-functions {"declared":true,"installed":true,"version":"3.13.0","resolution":"C:\\Users\\User\\OneDrive\\เดสก์ท็อป\\etax\\Demo-Form\\functions\\node_modules\\firebase-functions\\lib\\index.js"} {"metadata":{"emulator":{"name":"functions"},"function":{"name":"testPdfGenerator"},"message":"[runtime-status] [25228] Resolved module firebase-functions {\"declared\":true,\"installed\":true,\"version\":\"3.13.0\",\"resolution\":\"C:\\\\Users\\\\User\\\\OneDrive\\\\เดสก์ท็อป\\\\etax\\\\Demo-Form\\\\functions\\\\node_modules\\\\firebase-functions\\\\lib\\\\index.js\"}"}}
[debug] [2021-02-11T11:23:53.404Z] [runtime-status] [25228] firebase-admin has been stubbed. {"adminResolution":{"declared":true,"installed":true,"version":"8.13.0","resolution":"C:\\Users\\User\\OneDrive\\เดสก์ท็อป\\etax\\Demo-Form\\functions\\node_modules\\firebase-admin\\lib\\index.js"}} {"metadata":{"emulator":{"name":"functions"},"function":{"name":"testPdfGenerator"},"message":"[runtime-status] [25228] firebase-admin has been stubbed. {\"adminResolution\":{\"declared\":true,\"installed\":true,\"version\":\"8.13.0\",\"resolution\":\"C:\\\\Users\\\\User\\\\OneDrive\\\\เดสก์ท็อป\\\\etax\\\\Demo-Form\\\\functions\\\\node_modules\\\\firebase-admin\\\\lib\\\\index.js\"}}"}}
[debug] [2021-02-11T11:23:54.097Z] [runtime-status] [25228] initializeApp(DEFAULT) {"storageBucket":"sld-etax.appspot.com","databaseURL":"https://sld-etax.firebaseio.com","projectId":"sld-etax"} {"metadata":{"emulator":{"name":"functions"},"function":{"name":"testPdfGenerator"},"message":"[runtime-status] [25228] initializeApp(DEFAULT) {\"storageBucket\":\"sld-etax.appspot.com\",\"databaseURL\":\"https://sld-etax.firebaseio.com\",\"projectId\":\"sld-etax\"}"}}
[debug] [2021-02-11T11:23:54.099Z] [runtime-status] [25228] Trigger "testPdfGenerator" has been found, beginning invocation! {"metadata":{"emulator":{"name":"functions"},"function":{"name":"testPdfGenerator"},"message":"[runtime-status] [25228] Trigger \"testPdfGenerator\" has been found, beginning invocation!"}}
[info] i  functions: Beginning execution of "testPdfGenerator" {"metadata":{"emulator":{"name":"functions"},"function":{"name":"testPdfGenerator"},"message":"Beginning execution of \"testPdfGenerator\""}}
[debug] [2021-02-11T11:23:54.100Z] [runtime-status] [25228] triggerDefinition {"httpsTrigger":{},"name":"testPdfGenerator","entryPoint":"testPdfGenerator"} {"metadata":{"emulator":{"name":"functions"},"function":{"name":"testPdfGenerator"},"message":"[runtime-status] [25228] triggerDefinition {\"httpsTrigger\":{},\"name\":\"testPdfGenerator\",\"entryPoint\":\"testPdfGenerator\"}"}}
[debug] [2021-02-11T11:23:54.100Z] [runtime-status] [25228] Running testPdfGenerator in mode HTTPS {"metadata":{"emulator":{"name":"functions"},"function":{"name":"testPdfGenerator"},"message":"[runtime-status] [25228] Running testPdfGenerator in mode HTTPS"}}
[debug] [2021-02-11T11:23:54.103Z] [runtime-status] [25228] Attempting to listen to socketPath: \\?\pipe\C:\Users\User\OneDrive\เดสก์ท็อป\etax\Demo-Form\functions\25228 {"metadata":{"emulator":{"name":"functions"},"function":{"name":"testPdfGenerator"},"message":"[runtime-status] [25228] Attempting to listen to socketPath: \\\\?\\pipe\\C:\\Users\\User\\OneDrive\\เดสก์ท็อป\\etax\\Demo-Form\\functions\\25228"}}
[debug] [2021-02-11T11:23:54.106Z] [functions] Runtime ready! Sending request! {"metadata":{"emulator":{"name":"functions"},"message":"[functions] Runtime ready! Sending request!"}}
[debug] [2021-02-11T11:23:54.106Z] [functions] Got req.url=/sld-etax/us-central1/testPdfGenerator, mapping to path=/ {"metadata":{"emulator":{"name":"functions"},"message":"[functions] Got req.url=/sld-etax/us-central1/testPdfGenerator, mapping to path=/"}}
[debug] [2021-02-11T11:23:54.111Z] [runtime-status] [25228] Ephemeral server handling GET request {"metadata":{"emulator":{"name":"functions"},"function":{"name":"testPdfGenerator"},"message":"[runtime-status] [25228] Ephemeral server handling GET request"}}
[debug] [2021-02-11T11:23:54.812Z] Feb 11, 2021 6:23:54 PM io.gapi.emulators.netty.HttpVersionRoutingHandler channelRead
INFO: Detected HTTP/2 connection.
 {"metadata":{"emulator":{"name":"firestore"},"message":"Feb 11, 2021 6:23:54 PM io.gapi.emulators.netty.HttpVersionRoutingHandler channelRead\r\nINFO: Detected HTTP/2 connection.\r\n"}}
[debug] [2021-02-11T11:23:59.631Z] [runtime-status] [25228] Ephemeral server survived. {"metadata":{"emulator":{"name":"functions"},"function":{"name":"testPdfGenerator"},"message":"[runtime-status] [25228] Ephemeral server survived."}}
[info] i  functions: Finished "testPdfGenerator" in ~5s {"metadata":{"emulator":{"name":"functions"},"function":{"name":"testPdfGenerator"},"message":"Finished \"testPdfGenerator\" in ~5s"}}
[debug] [2021-02-11T11:23:59.641Z] [worker-testPdfGenerator-33c9d547-66b8-43ef-8536-428dedef1cc7]: IDLE {"metadata":{"emulator":{"name":"functions"},"message":"[worker-testPdfGenerator-33c9d547-66b8-43ef-8536-428dedef1cc7]: IDLE"}}
[debug] [2021-02-11T11:23:59.642Z] [work-queue] {"queueLength":0,"workRunningCount":0}
[debug] [2021-02-11T11:23:59.729Z] Functions emulator received unknown request at path /favicon.ico
[debug] [2021-02-11T11:28:12.936Z] Received signal SIGHUP 1
